app/build/intermediates/manifest_merge_blame_file/debug/manifest-merger-blame-debug-report.txt
1<?xml version="1.0" encoding="utf-8"?>
2<manifest xmlns:android="http://schemas.android.com/apk/res/android"
3    package="com.example.emailapplication"
4    android:versionCode="1"
5    android:versionName="1.0" >
6
7    <uses-sdk
8        android:minSdkVersion="21"
8-->src\main\AndroidManifest.xml
9        android:targetSdkVersion="33" />
9-->src\main\AndroidManifest.xml
10
11    <application
11-->src\main\AndroidManifest.xml:5:5-45:19
12        android:allowBackup="true"
12-->src\main\AndroidManifest.xml:6:9-35
13        android:appComponentFactory="androidx.core.app.CoreComponentFactory"
13-->[androidx.core:core:1.7.0] AndroidManifest.xml:24:18-86
14        android:dataExtractionRules="@xml/data_extraction_rules"
14-->src\main\AndroidManifest.xml:7:9-65
15        android:debuggable="true"
16        android:fullBackupContent="@xml/backup_rules"
16-->src\main\AndroidManifest.xml:8:9-54
17        android:icon="@mipmap/ic_launcher"
17-->src\main\AndroidManifest.xml:9:9-43
18        android:label="@string/app_name"
18-->src\main\AndroidManifest.xml:10:9-41
19        android:supportsRtl="true"
19-->src\main\AndroidManifest.xml:11:9-35
20        android:theme="@style/Theme.EmailApplication" >
20-->src\main\AndroidManifest.xml:12:9-54
21        <activity
21-->src\main\AndroidManifest.xml:14:9-18:61
22            android:name="com.example.emailapplication.RegisterActivity"
22-->src\main\AndroidManifest.xml:15:13-45
23            android:exported="false"
23-->src\main\AndroidManifest.xml:16:13-37
24            android:label="@string/title_activity_register"
24-->src\main\AndroidManifest.xml:17:13-60
25            android:theme="@style/Theme.EmailApplication" />
25-->src\main\AndroidManifest.xml:18:13-58
26        <activity
26-->src\main\AndroidManifest.xml:19:9-23:61
27            android:name="com.example.emailapplication.MainActivity"
27-->src\main\AndroidManifest.xml:20:13-41
28            android:exported="false"
28-->src\main\AndroidManifest.xml:21:13-37
29            android:label="MainActivity"
29-->src\main\AndroidManifest.xml:22:13-41
30            android:theme="@style/Theme.EmailApplication" />
30-->src\main\AndroidManifest.xml:23:13-58
31        <activity
31-->src\main\AndroidManifest.xml:24:9-28:61
32            android:name="com.example.emailapplication.ViewMailActivity"
32-->src\main\AndroidManifest.xml:25:13-45
33            android:exported="false"
33-->src\main\AndroidManifest.xml:26:13-37
34            android:label="@string/title_activity_view_mail"
34-->src\main\AndroidManifest.xml:27:13-61
35            android:theme="@style/Theme.EmailApplication" />
35-->src\main\AndroidManifest.xml:28:13-58
36        <activity
36-->src\main\AndroidManifest.xml:29:9-33:61
37            android:name="com.example.emailapplication.SendMailActivity"
37-->src\main\AndroidManifest.xml:30:13-45
38            android:exported="false"
38-->src\main\AndroidManifest.xml:31:13-37
39            android:label="@string/title_activity_send_mail"
39-->src\main\AndroidManifest.xml:32:13-61
40            android:theme="@style/Theme.EmailApplication" />
40-->src\main\AndroidManifest.xml:33:13-58
41        <activity
41-->src\main\AndroidManifest.xml:34:9-44:20
42            android:name="com.example.emailapplication.LoginActivity"
42-->src\main\AndroidManifest.xml:35:13-42
43            android:exported="true"
43-->src\main\AndroidManifest.xml:36:13-36
44            android:label="@string/app_name"
44-->src\main\AndroidManifest.xml:37:13-45
45            android:theme="@style/Theme.EmailApplication" >
45-->src\main\AndroidManifest.xml:38:13-58
46            <intent-filter>
46-->src\main\AndroidManifest.xml:39:13-43:29
47                <action android:name="android.intent.action.MAIN" />
47-->src\main\AndroidManifest.xml:40:17-69
47-->src\main\AndroidManifest.xml:40:25-66
48
49                <category android:name="android.intent.category.LAUNCHER" />
49-->src\main\AndroidManifest.xml:42:17-77
49-->src\main\AndroidManifest.xml:42:27-74
50            </intent-filter>
51        </activity>
52
53        <service
53-->[androidx.room:room-runtime:2.5.0] AndroidManifest.xml:24:9-28:63
54            android:name="androidx.room.MultiInstanceInvalidationService"
54-->[androidx.room:room-runtime:2.5.0] AndroidManifest.xml:25:13-74
55            android:directBootAware="true"
55-->[androidx.room:room-runtime:2.5.0] AndroidManifest.xml:26:13-43
56            android:exported="false" />
56-->[androidx.room:room-runtime:2.5.0] AndroidManifest.xml:27:13-37
57
58        <activity
58-->[androidx.compose.ui:ui-tooling:1.2.0] AndroidManifest.xml:24:9-26:39
59            android:name="androidx.compose.ui.tooling.PreviewActivity"
59-->[androidx.compose.ui:ui-tooling:1.2.0] AndroidManifest.xml:25:13-71
60            android:exported="true" />
60-->[androidx.compose.ui:ui-tooling:1.2.0] AndroidManifest.xml:26:13-36
61        <activity
61-->[androidx.compose.ui:ui-test-manifest:1.2.0] AndroidManifest.xml:24:9-26:39
62            android:name="androidx.activity.ComponentActivity"
62-->[androidx.compose.ui:ui-test-manifest:1.2.0] AndroidManifest.xml:25:13-63
63            android:exported="true" />
63-->[androidx.compose.ui:ui-test-manifest:1.2.0] AndroidManifest.xml:26:13-36
64
65        <provider
65-->[androidx.profileinstaller:profileinstaller:1.2.0] AndroidManifest.xml:25:9-33:20
66            android:name="androidx.startup.InitializationProvider"
66-->[androidx.profileinstaller:profileinstaller:1.2.0] AndroidManifest.xml:26:13-67
67            android:authorities="com.example.emailapplication.androidx-startup"
67-->[androidx.profileinstaller:profileinstaller:1.2.0] AndroidManifest.xml:27:13-68
68            android:exported="false" >
68-->[androidx.profileinstaller:profileinstaller:1.2.0] AndroidManifest.xml:28:13-37
69            <meta-data
69-->[androidx.profileinstaller:profileinstaller:1.2.0] AndroidManifest.xml:30:13-32:52
70                android:name="androidx.profileinstaller.ProfileInstallerInitializer"
70-->[androidx.profileinstaller:profileinstaller:1.2.0] AndroidManifest.xml:31:17-85
71                android:value="androidx.startup" />
71-->[androidx.profileinstaller:profileinstaller:1.2.0] AndroidManifest.xml:32:17-49
72        </provider>
73
74        <receiver
74-->[androidx.profileinstaller:profileinstaller:1.2.0] AndroidManifest.xml:35:9-47:20
75            android:name="androidx.profileinstaller.ProfileInstallReceiver"
75-->[androidx.profileinstaller:profileinstaller:1.2.0] AndroidManifest.xml:36:13-76
76            android:directBootAware="false"
76-->[androidx.profileinstaller:profileinstaller:1.2.0] AndroidManifest.xml:37:13-44
77            android:enabled="true"
77-->[androidx.profileinstaller:profileinstaller:1.2.0] AndroidManifest.xml:38:13-35
78            android:exported="true"
78-->[androidx.profileinstaller:profileinstaller:1.2.0] AndroidManifest.xml:39:13-36
79            android:permission="android.permission.DUMP" >
79-->[androidx.profileinstaller:profileinstaller:1.2.0] AndroidManifest.xml:40:13-57
80            <intent-filter>
80-->[androidx.profileinstaller:profileinstaller:1.2.0] AndroidManifest.xml:41:13-43:29
81                <action android:name="androidx.profileinstaller.action.INSTALL_PROFILE" />
81-->[androidx.profileinstaller:profileinstaller:1.2.0] AndroidManifest.xml:42:17-91
81-->[androidx.profileinstaller:profileinstaller:1.2.0] AndroidManifest.xml:42:25-88
82            </intent-filter>
83            <intent-filter>
83-->[androidx.profileinstaller:profileinstaller:1.2.0] AndroidManifest.xml:44:13-46:29
84                <action android:name="androidx.profileinstaller.action.SKIP_FILE" />
84-->[androidx.profileinstaller:profileinstaller:1.2.0] AndroidManifest.xml:45:17-85
84-->[androidx.profileinstaller:profileinstaller:1.2.0] AndroidManifest.xml:45:25-82
85            </intent-filter>
86        </receiver>
87    </application>
88
89</manifest>